<?xml version="1.0" encoding="UTF-8"?>
<!-- Generated by org.testng.reporters.JUnitReportReporter -->
<testsuite skipped="0" hostname="Ritu-Jain" name="RestDemo" tests="1" failures="0" timestamp="04 Sep 2022 09:52:53 GMT" time="4.346" errors="0">
  <testcase name="get_request" time="4.346" classname="RestDemo"/>
</testsuite> <!-- RestDemo -->
