<?xml version="1.0" encoding="UTF-8"?>
<!-- Generated by org.testng.reporters.JUnitReportReporter -->
<testsuite skipped="0" hostname="Ritu-Jain" name="repository.RestDemo" tests="1" failures="0" timestamp="04 Sep 2022 10:57:37 GMT" time="4.074" errors="0">
  <testcase name="get_request" time="4.074" classname="repository.RestDemo"/>
</testsuite> <!-- repository.RestDemo -->
