<?xml version="1.0" encoding="UTF-8"?>
<!-- Generated by org.testng.reporters.JUnitReportReporter -->
<testsuite skipped="0" hostname="Ritu-Jain" name="testfolder.RestDemo" tests="1" failures="0" timestamp="04 Sep 2022 11:54:45 GMT" time="5.222" errors="0">
  <testcase name="get_request" time="5.222" classname="testfolder.RestDemo"/>
</testsuite> <!-- testfolder.RestDemo -->
